0 info it worked if it ends with ok
1 verbose cli [ '/usr/local/bin/node', '/usr/local/bin/npm', 'publish' ]
2 info using npm@3.10.7
3 info using node@v6.9.2
4 verbose publish [ '.' ]
5 silly cache add args [ '.', null ]
6 verbose cache add spec .
7 silly cache add parsed spec Result {
7 silly cache add   raw: '.',
7 silly cache add   scope: null,
7 silly cache add   escapedName: null,
7 silly cache add   name: null,
7 silly cache add   rawSpec: '.',
7 silly cache add   spec: '/Users/Nico/IntellJ IDEA/generator-angular2',
7 silly cache add   type: 'directory' }
8 verbose addLocalDirectory /Users/Nico/.npm/generator-angular2-webpack-full-config/1.0.0/package.tgz not in flight; packing
9 verbose correctMkdir /Users/Nico/.npm correctMkdir not in flight; initializing
10 info lifecycle generator-angular2-webpack-full-config@1.0.0~prepublish: generator-angular2-webpack-full-config@1.0.0
11 silly lifecycle generator-angular2-webpack-full-config@1.0.0~prepublish: no script for prepublish, continuing
12 verbose tar pack [ '/Users/Nico/.npm/generator-angular2-webpack-full-config/1.0.0/package.tgz',
12 verbose tar pack   '/Users/Nico/IntellJ IDEA/generator-angular2' ]
13 verbose tarball /Users/Nico/.npm/generator-angular2-webpack-full-config/1.0.0/package.tgz
14 verbose folder /Users/Nico/IntellJ IDEA/generator-angular2
15 verbose addLocalTarball adding from inside cache /Users/Nico/.npm/generator-angular2-webpack-full-config/1.0.0/package.tgz
16 verbose correctMkdir /Users/Nico/.npm correctMkdir not in flight; initializing
17 silly cache afterAdd generator-angular2-webpack-full-config@1.0.0
18 verbose afterAdd /Users/Nico/.npm/generator-angular2-webpack-full-config/1.0.0/package/package.json not in flight; writing
19 verbose correctMkdir /Users/Nico/.npm correctMkdir not in flight; initializing
20 verbose afterAdd /Users/Nico/.npm/generator-angular2-webpack-full-config/1.0.0/package/package.json written
21 silly publish { name: 'generator-angular2-webpack-full-config',
21 silly publish   version: '1.0.0',
21 silly publish   author: { name: 'Nicolas FRIZZARIN' },
21 silly publish   license: 'ISC',
21 silly publish   description: 'Generator Yoman starter angular2 project with webpack',
21 silly publish   files: [ 'generators/app' ],
21 silly publish   keywords:
21 silly publish    [ 'yeoman-generator',
21 silly publish      'angular2',
21 silly publish      'starter',
21 silly publish      'webpack',
21 silly publish      'bootstrap' ],
21 silly publish   dependencies:
21 silly publish    { chalk: '^1.0.0',
21 silly publish      'deep-extend': '^0.4.0',
21 silly publish      'generator-node': '^1.7.0',
21 silly publish      'inquirer-npm-name': '^1.0.0',
21 silly publish      lodash: '^3.6.0',
21 silly publish      mkdirp: '^0.5.1',
21 silly publish      superb: '^1.0.0',
21 silly publish      'yeoman-generator': '^0.22.2',
21 silly publish      yosay: '^1.0.2' },
21 silly publish   gitHead: 'c10230acd13bf5c28b5841a41d6bc0489b05e192',
21 silly publish   readme: 'ERROR: No README data found!',
21 silly publish   _id: 'generator-angular2-webpack-full-config@1.0.0',
21 silly publish   scripts: {},
21 silly publish   _shasum: '088488727183fc5a4354374c6410b81dea1c4a22',
21 silly publish   _from: '.' }
22 verbose getPublishConfig undefined
23 silly mapToRegistry name generator-angular2-webpack-full-config
24 silly mapToRegistry using default registry
25 silly mapToRegistry registry https://registry.npmjs.org/
26 silly mapToRegistry data Result {
26 silly mapToRegistry   raw: 'generator-angular2-webpack-full-config',
26 silly mapToRegistry   scope: null,
26 silly mapToRegistry   escapedName: 'generator-angular2-webpack-full-config',
26 silly mapToRegistry   name: 'generator-angular2-webpack-full-config',
26 silly mapToRegistry   rawSpec: '',
26 silly mapToRegistry   spec: 'latest',
26 silly mapToRegistry   type: 'tag' }
27 silly mapToRegistry uri https://registry.npmjs.org/generator-angular2-webpack-full-config
28 verbose publish registryBase https://registry.npmjs.org/
29 silly publish uploading /Users/Nico/.npm/generator-angular2-webpack-full-config/1.0.0/package.tgz
30 verbose request uri https://registry.npmjs.org/generator-angular2-webpack-full-config
31 verbose request sending authorization for write operation
32 info attempt registry request try #1 at 3:16:10 PM
33 verbose request using bearer token for auth
34 verbose request id 485de4a29263563e
35 http request PUT https://registry.npmjs.org/generator-angular2-webpack-full-config
36 http 403 https://registry.npmjs.org/generator-angular2-webpack-full-config
37 verbose headers { 'content-type': 'application/json',
37 verbose headers   'cache-control': 'max-age=300',
37 verbose headers   'content-length': '95',
37 verbose headers   'accept-ranges': 'bytes',
37 verbose headers   date: 'Mon, 19 Dec 2016 14:16:12 GMT',
37 verbose headers   via: '1.1 varnish',
37 verbose headers   connection: 'keep-alive',
37 verbose headers   'x-served-by': 'cache-cdg8721-CDG',
37 verbose headers   'x-cache': 'MISS',
37 verbose headers   'x-cache-hits': '0',
37 verbose headers   'x-timer': 'S1482156971.931889,VS0,VE936',
37 verbose headers   vary: 'Accept-Encoding' }
38 verbose request invalidating /Users/Nico/.npm/registry.npmjs.org/generator-angular2-webpack-full-config on PUT
39 error publish Failed PUT 403
40 verbose stack Error: "You cannot publish over the previously published version 1.0.0." : generator-angular2-webpack-full-config
40 verbose stack     at makeError (/usr/local/lib/node_modules/npm/node_modules/npm-registry-client/lib/request.js:264:12)
40 verbose stack     at CachingRegistryClient.<anonymous> (/usr/local/lib/node_modules/npm/node_modules/npm-registry-client/lib/request.js:252:14)
40 verbose stack     at Request._callback (/usr/local/lib/node_modules/npm/node_modules/npm-registry-client/lib/request.js:172:14)
40 verbose stack     at Request.self.callback (/usr/local/lib/node_modules/npm/node_modules/request/request.js:187:22)
40 verbose stack     at emitTwo (events.js:106:13)
40 verbose stack     at Request.emit (events.js:191:7)
40 verbose stack     at Request.<anonymous> (/usr/local/lib/node_modules/npm/node_modules/request/request.js:1044:10)
40 verbose stack     at emitOne (events.js:96:13)
40 verbose stack     at Request.emit (events.js:188:7)
40 verbose stack     at IncomingMessage.<anonymous> (/usr/local/lib/node_modules/npm/node_modules/request/request.js:965:12)
41 verbose statusCode 403
42 verbose pkgid generator-angular2-webpack-full-config
43 verbose cwd /Users/Nico/IntellJ IDEA/generator-angular2
44 error Darwin 16.3.0
45 error argv "/usr/local/bin/node" "/usr/local/bin/npm" "publish"
46 error node v6.9.2
47 error npm  v3.10.7
48 error code E403
49 error "You cannot publish over the previously published version 1.0.0." : generator-angular2-webpack-full-config
50 error If you need help, you may report this error at:
50 error     <https://github.com/npm/npm/issues>
51 verbose exit [ 1, true ]
